<?xml version="1.0" encoding="UTF-8"?>
<!-- Generated by org.testng.reporters.JUnitXMLReporter -->
<testsuite ignored="0" hostname="madhav-lengare" failures="2" tests="5" name="Error Validation" time="54.384" errors="0" timestamp="2024-03-24T20:36:03 IST">
  <testcase classname="Automation.SeleniumFramework.tests.ErrorValidationTest" name="LoginErrorValidation" time="2.651">
    <skipped/>
  </testcase> <!-- LoginErrorValidation -->
  <testcase classname="Automation.SeleniumFramework.tests.ErrorValidationTest" name="LoginErrorValidation" time="1.172">
    <failure type="java.lang.AssertionError" message="expected [Incorrect email or password.] but found [Incorrect email or .]">
      <![CDATA[java.lang.AssertionError: expected [Incorrect email or password.] but found [Incorrect email or .]
at Automation.SeleniumFramework.tests.ErrorValidationTest.LoginErrorValidation(ErrorValidationTest.java:29)
at java.base/java.util.ArrayList.forEach(ArrayList.java:1511)
at java.base/java.util.concurrent.FutureTask.run(FutureTask.java:264)
at java.base/java.util.concurrent.ThreadPoolExecutor.runWorker(ThreadPoolExecutor.java:1136)
at java.base/java.util.concurrent.ThreadPoolExecutor$Worker.run(ThreadPoolExecutor.java:635)
at java.base/java.lang.Thread.run(Thread.java:833)
... Removed 23 stack frames]]>
    </failure>
  </testcase> <!-- LoginErrorValidation -->
  <testcase classname="Automation.SeleniumFramework.tests.ErrorValidationTest" name="LoginErrorValidation" time="1.042">
    <skipped/>
  </testcase> <!-- LoginErrorValidation -->
  <testcase classname="Automation.SeleniumFramework.tests.ErrorValidationTest" name="LoginErrorValidation" time="2.082">
    <failure type="java.lang.AssertionError" message="expected [Incorrect email or password.] but found [Incorrect email or .]">
      <![CDATA[java.lang.AssertionError: expected [Incorrect email or password.] but found [Incorrect email or .]
at Automation.SeleniumFramework.tests.ErrorValidationTest.LoginErrorValidation(ErrorValidationTest.java:29)
at java.base/java.util.ArrayList.forEach(ArrayList.java:1511)
at java.base/java.util.concurrent.FutureTask.run(FutureTask.java:264)
at java.base/java.util.concurrent.ThreadPoolExecutor.runWorker(ThreadPoolExecutor.java:1136)
at java.base/java.util.concurrent.ThreadPoolExecutor$Worker.run(ThreadPoolExecutor.java:635)
at java.base/java.lang.Thread.run(Thread.java:833)
... Removed 23 stack frames]]>
    </failure>
  </testcase> <!-- LoginErrorValidation -->
  <testcase classname="Automation.SeleniumFramework.tests.ErrorValidationTest" name="ProductErrorValidation" time="15.689"/>
</testsuite> <!-- Error Validation -->
